#
# There is insufficient memory for the Java Runtime Environment to continue.
# Native memory allocation (malloc) failed to allocate 1048576 bytes for AllocateHeap
# Possible reasons:
#   The system is out of physical RAM or swap space
#   In 32 bit mode, the process size limit was hit
# Possible solutions:
#   Reduce memory load on the system
#   Increase physical memory or swap space
#   Check if swap backing store is full
#   Use 64 bit Java on a 64 bit OS
#   Decrease Java heap size (-Xmx/-Xms)
#   Decrease number of Java threads
#   Decrease Java thread stack sizes (-Xss)
#   Set larger code cache with -XX:ReservedCodeCacheSize=
# This output file may be truncated or incomplete.
#
#  Out of Memory Error (memory/allocation.inline.hpp:61), pid=7996, tid=9088
#
# JRE version:  (7.0_71-b14) (build )
# Java VM: Java HotSpot(TM) 64-Bit Server VM (24.71-b01 mixed mode windows-amd64 compressed oops)
# Failed to write core dump. Minidumps are not enabled by default on client versions of Windows
#

---------------  T H R E A D  ---------------

Current thread (0x0000000002640800):  JavaThread "Unknown thread" [_thread_in_vm, id=9088, stack(0x0000000002530000,0x0000000002630000)]

Stack: [0x0000000002530000,0x0000000002630000]

---------------  P R O C E S S  ---------------

Java Threads: ( => current thread )

Other Threads:

=>0x0000000002640800 (exited) JavaThread "Unknown thread" [_thread_in_vm, id=9088, stack(0x0000000002530000,0x0000000002630000)]

VM state:not at safepoint (normal execution)

VM Mutex/Monitor currently owned by a thread: None

Heap
 PSYoungGen      total 37888K, used 655K [0x00000007d6600000, 0x00000007d9000000, 0x0000000800000000)
  eden space 32768K, 2% used [0x00000007d6600000,0x00000007d66a3dc8,0x00000007d8600000)
  from space 5120K, 0% used [0x00000007d8b00000,0x00000007d8b00000,0x00000007d9000000)
  to   space 5120K, 0% used [0x00000007d8600000,0x00000007d8600000,0x00000007d8b00000)
 ParOldGen       total 84992K, used 0K [0x0000000783200000, 0x0000000788500000, 0x00000007d6600000)
  object space 84992K, 0% used [0x0000000783200000,0x0000000783200000,0x0000000788500000)
 PSPermGen       total 21504K, used 677K [0x000000077e000000, 0x000000077f500000, 0x0000000783200000)
  object space 21504K, 3% used [0x000000077e000000,0x000000077e0a9450,0x000000077f500000)

Card table byte_map: [0x0000000005800000,0x0000000005c20000] byte_map_base: 0x0000000001c10000

Polling page: 0x0000000000d70000

Code Cache  [0x0000000002740000, 0x00000000029b0000, 0x0000000005740000)
 total_blobs=37 nmethods=0 adapters=20 free_code_cache=48890Kb largest_free_block=50063104

Compilation events (0 events):
No events

GC Heap History (0 events):
No events

Deoptimization events (0 events):
No events

Internal exceptions (0 events):
No events

Events (10 events):
Event: 0.018 loading class 0x0000000002685770
Event: 0.018 loading class 0x0000000002685770 done
Event: 0.018 loading class 0x00000000026857c0
Event: 0.018 loading class 0x00000000026857c0 done
Event: 0.018 loading class 0x0000000002685810
Event: 0.019 loading class 0x0000000002685810 done
Event: 0.019 loading class 0x0000000002686570
Event: 0.019 loading class 0x0000000002686570 done
Event: 0.019 loading class 0x0000000002686190
Event: 0.019 loading class 0x0000000002686190 done


Dynamic libraries:
0x00007ff621f40000 - 0x00007ff621f73000 	C:\Windows\system32\java.exe
0x00007ffa30f40000 - 0x00007ffa310ec000 	C:\Windows\SYSTEM32\ntdll.dll
0x00007ffa2f6a0000 - 0x00007ffa2f7de000 	C:\Windows\system32\KERNEL32.DLL
0x00007ffa2e160000 - 0x00007ffa2e275000 	C:\Windows\system32\KERNELBASE.dll
0x00007ffa2cc10000 - 0x00007ffa2cc9e000 	C:\Windows\system32\apphelp.dll
0x00007ffa1f050000 - 0x00007ffa1f0a3000 	C:\Windows\AppPatch\AppPatch64\AcGenral.DLL
0x00007ffa2f7e0000 - 0x00007ffa2f88a000 	C:\Windows\system32\msvcrt.dll
0x00007ffa2df30000 - 0x00007ffa2df5e000 	C:\Windows\system32\SspiCli.dll
0x00007ffa2f890000 - 0x00007ffa2f8e4000 	C:\Windows\system32\SHLWAPI.dll
0x00007ffa2f1d0000 - 0x00007ffa2f347000 	C:\Windows\system32\USER32.dll
0x00007ffa2f030000 - 0x00007ffa2f1c4000 	C:\Windows\system32\ole32.dll
0x00007ffa2f8f0000 - 0x00007ffa30e08000 	C:\Windows\system32\SHELL32.dll
0x00007ffa2d6b0000 - 0x00007ffa2d6d1000 	C:\Windows\system32\USERENV.dll
0x00007ffa2e820000 - 0x00007ffa2e8ca000 	C:\Windows\system32\ADVAPI32.dll
0x00007ffa1b6a0000 - 0x00007ffa1b6be000 	C:\Windows\system32\MPR.dll
0x00007ffa2eae0000 - 0x00007ffa2ec21000 	C:\Windows\system32\RPCRT4.dll
0x00007ffa2ea80000 - 0x00007ffa2ead9000 	C:\Windows\SYSTEM32\sechost.dll
0x00007ffa2f3c0000 - 0x00007ffa2f5d1000 	C:\Windows\SYSTEM32\combase.dll
0x00007ffa2e5c0000 - 0x00007ffa2e711000 	C:\Windows\system32\GDI32.dll
0x00007ffa2e090000 - 0x00007ffa2e0a5000 	C:\Windows\system32\profapi.dll
0x00007ffa2c430000 - 0x00007ffa2c4e2000 	C:\Windows\system32\SHCORE.dll
0x00007ffa2ec30000 - 0x00007ffa2ec66000 	C:\Windows\system32\IMM32.DLL
0x00007ffa2ee70000 - 0x00007ffa2efc3000 	C:\Windows\system32\MSCTF.dll
0x00007ffa2b7e0000 - 0x00007ffa2ba5b000 	C:\Windows\WinSxS\amd64_microsoft.windows.common-controls_6595b64144ccf1df_6.0.9600.17415_none_6240486fecbd8abb\COMCTL32.dll
0x0000000072170000 - 0x0000000072242000 	C:\Program Files\Java\jre7\bin\msvcr100.dll
0x0000000071990000 - 0x0000000072163000 	C:\Program Files\Java\jre7\bin\server\jvm.dll
0x00007ffa245e0000 - 0x00007ffa245e9000 	C:\Windows\system32\WSOCK32.dll
0x00007ffa24910000 - 0x00007ffa24932000 	C:\Windows\system32\WINMM.dll
0x00007ffa2e740000 - 0x00007ffa2e747000 	C:\Windows\system32\PSAPI.DLL
0x00007ffa2efd0000 - 0x00007ffa2f02a000 	C:\Windows\system32\WS2_32.dll
0x00007ffa248e0000 - 0x00007ffa2490a000 	C:\Windows\system32\WINMMBASE.dll
0x00007ffa2ec70000 - 0x00007ffa2ec79000 	C:\Windows\system32\NSI.dll
0x00007ffa2e460000 - 0x00007ffa2e4af000 	C:\Windows\SYSTEM32\cfgmgr32.dll
0x00007ffa2ce80000 - 0x00007ffa2cea8000 	C:\Windows\system32\DEVOBJ.dll
0x0000000071980000 - 0x000000007198f000 	C:\Program Files\Java\jre7\bin\verify.dll
0x0000000071950000 - 0x0000000071978000 	C:\Program Files\Java\jre7\bin\java.dll
0x0000000071930000 - 0x0000000071945000 	C:\Program Files\Java\jre7\bin\zip.dll

VM Arguments:
java_command: <unknown>
Launcher Type: SUN_STANDARD

Environment Variables:
PATH=C:\oraclexe\app\oracle\product\11.2.0\server\bin;;C:\app\Amir\product\11.2.0\dbhome_2\bin;C:\app\Amir\product\11.2.0\dbhome_1\bin;C:\Windows\system32;C:\Windows;C:\Windows\System32\Wbem;C:\Windows\System32\WindowsPowerShell\v1.0\;C:\Program Files\Microsoft\Web Platform Installer\;C:\Program Files (x86)\Microsoft ASP.NET\ASP.NET Web Pages\v1.0\;C:\Program Files (x86)\Windows Kits\8.0\Windows Performance Toolkit\;C:\Program Files\Microsoft SQL Server\110\Tools\Binn\;C:\Program Files (x86)\Microsoft SQL Server\100\Tools\Binn\;C:\Program Files\Microsoft SQL Server\100\Tools\Binn\;C:\Program Files\Microsoft SQL Server\100\DTS\Binn\;C:\Program Files (x86)\Microsoft SQL Server\100\Tools\Binn\VSShell\Common7\IDE\;C:\Program Files (x86)\Microsoft Visual Studio 9.0\Common7\IDE\PrivateAssemblies\;C:\Program Files (x86)\Microsoft SQL Server\100\DTS\Binn\
USERNAME=Amir
OS=Windows_NT
PROCESSOR_IDENTIFIER=Intel64 Family 6 Model 37 Stepping 5, GenuineIntel



---------------  S Y S T E M  ---------------

OS: Windows 8.1 , 64 bit Build 9600 

CPU:total 4 (2 cores per cpu, 2 threads per core) family 6 model 37 stepping 5, cmov, cx8, fxsr, mmx, sse, sse2, sse3, ssse3, sse4.1, sse4.2, popcnt, ht, tsc, tscinvbit

Memory: 4k page, physical 8182628k(1103376k free), swap 14914148k(5996k free)

vm_info: Java HotSpot(TM) 64-Bit Server VM (24.71-b01) for windows-amd64 JRE (1.7.0_71-b14), built on Sep 26 2014 16:16:12 by "java_re" with unknown MS VC++:1600

time: Wed Jun 10 13:49:53 2015
elapsed time: 0 seconds

